<?xml version="1.0" encoding="UTF-8"?>
<testsuite xmlns:xsi="http://www.w3.org/2001/XMLSchema-instance" xsi:noNamespaceSchemaLocation="https://maven.apache.org/surefire/maven-surefire-plugin/xsd/surefire-test-report-3.0.xsd" version="3.0" name="com.example.wangbamanagerserver.WangbaManagerServerApplicationTests" time="3.817" tests="1" errors="0" skipped="0" failures="0">
  <properties>
[...]
</properties>
  <testcase name="contextLoads" classname="com.example.wangbamanagerserver.WangbaManagerServerApplicationTests" time="0.39">
    <system-out><![CDATA[20:48:42.451 [main] DEBUG org.springframework.test.context.BootstrapUtils - Instantiating CacheAwareContextLoaderDelegate from class [org.springframework.test.context.cache.DefaultCacheAwareContextLoaderDelegate]
20:48:42.457 [main] DEBUG org.springframework.test.context.BootstrapUtils - Instantiating BootstrapContext using constructor [public org.springframework.test.context.support.DefaultBootstrapContext(java.lang.Class,org.springframework.test.context.CacheAwareContextLoaderDelegate)]
20:48:42.478 [main] DEBUG org.springframework.test.context.BootstrapUtils - Instantiating TestContextBootstrapper for test class [com.example.wangbamanagerserver.WangbaManagerServerApplicationTests] from class [org.springframework.boot.test.context.SpringBootTestContextBootstrapper]
20:48:42.486 [main] INFO org.springframework.boot.test.context.SpringBootTestContextBootstrapper - Neither @ContextConfiguration nor @ContextHierarchy found for test class [com.example.wangbamanagerserver.WangbaManagerServerApplicationTests], using SpringBootContextLoader
20:48:42.488 [main] DEBUG org.springframework.test.context.support.AbstractContextLoader - Did not detect default resource location for test class [com.example.wangbamanagerserver.WangbaManagerServerApplicationTests]: class path resource [com/example/wangbamanagerserver/WangbaManagerServerApplicationTests-context.xml] does not exist
20:48:42.488 [main] DEBUG org.springframework.test.context.support.AbstractContextLoader - Did not detect default resource location for test class [com.example.wangbamanagerserver.WangbaManagerServerApplicationTests]: class path resource [com/example/wangbamanagerserver/WangbaManagerServerApplicationTestsContext.groovy] does not exist
20:48:42.489 [main] INFO org.springframework.test.context.support.AbstractContextLoader - Could not detect default resource locations for test class [com.example.wangbamanagerserver.WangbaManagerServerApplicationTests]: no resource found for suffixes {-context.xml, Context.groovy}.
20:48:42.489 [main] INFO org.springframework.test.context.support.AnnotationConfigContextLoaderUtils - Could not detect default configuration classes for test class [com.example.wangbamanagerserver.WangbaManagerServerApplicationTests]: WangbaManagerServerApplicationTests does not declare any static, non-private, non-final, nested classes annotated with @Configuration.
20:48:42.522 [main] DEBUG org.springframework.test.context.support.ActiveProfilesUtils - Could not find an 'annotation declaring class' for annotation type [org.springframework.test.context.ActiveProfiles] and class [com.example.wangbamanagerserver.WangbaManagerServerApplicationTests]
20:48:42.570 [main] DEBUG org.springframework.context.annotation.ClassPathScanningCandidateComponentProvider - Identified candidate component class: file [D:\zm\毕业设计\wangba-manager-server\target\classes\com\example\wangbamanagerserver\WangbaManagerServerApplication.class]
20:48:42.571 [main] INFO org.springframework.boot.test.context.SpringBootTestContextBootstrapper - Found @SpringBootConfiguration com.example.wangbamanagerserver.WangbaManagerServerApplication for test class com.example.wangbamanagerserver.WangbaManagerServerApplicationTests
20:48:42.637 [main] DEBUG org.springframework.boot.test.context.SpringBootTestContextBootstrapper - @TestExecutionListeners is not present for class [com.example.wangbamanagerserver.WangbaManagerServerApplicationTests]: using defaults.
20:48:42.638 [main] INFO org.springframework.boot.test.context.SpringBootTestContextBootstrapper - Loaded default TestExecutionListener class names from location [META-INF/spring.factories]: [org.springframework.boot.test.mock.mockito.MockitoTestExecutionListener, org.springframework.boot.test.mock.mockito.ResetMocksTestExecutionListener, org.springframework.boot.test.autoconfigure.restdocs.RestDocsTestExecutionListener, org.springframework.boot.test.autoconfigure.web.client.MockRestServiceServerResetTestExecutionListener, org.springframework.boot.test.autoconfigure.web.servlet.MockMvcPrintOnlyOnFailureTestExecutionListener, org.springframework.boot.test.autoconfigure.web.servlet.WebDriverTestExecutionListener, org.springframework.boot.test.autoconfigure.webservices.client.MockWebServiceServerTestExecutionListener, org.springframework.test.context.web.ServletTestExecutionListener, org.springframework.test.context.support.DirtiesContextBeforeModesTestExecutionListener, org.springframework.test.context.event.ApplicationEventsTestExecutionListener, org.springframework.test.context.support.DependencyInjectionTestExecutionListener, org.springframework.test.context.support.DirtiesContextTestExecutionListener, org.springframework.test.context.transaction.TransactionalTestExecutionListener, org.springframework.test.context.jdbc.SqlScriptsTestExecutionListener, org.springframework.test.context.event.EventPublishingTestExecutionListener]
20:48:42.649 [main] INFO org.springframework.boot.test.context.SpringBootTestContextBootstrapper - Using TestExecutionListeners: [org.springframework.test.context.web.ServletTestExecutionListener@6d304f9d, org.springframework.test.context.support.DirtiesContextBeforeModesTestExecutionListener@f73dcd6, org.springframework.test.context.event.ApplicationEventsTestExecutionListener@5c87bfe2, org.springframework.boot.test.mock.mockito.MockitoTestExecutionListener@2fea7088, org.springframework.boot.test.autoconfigure.SpringBootDependencyInjectionTestExecutionListener@40499e4f, org.springframework.test.context.support.DirtiesContextTestExecutionListener@51cd7ffc, org.springframework.test.context.transaction.TransactionalTestExecutionListener@30d4b288, org.springframework.test.context.jdbc.SqlScriptsTestExecutionListener@4cc6fa2a, org.springframework.test.context.event.EventPublishingTestExecutionListener@40f1be1b, org.springframework.boot.test.mock.mockito.ResetMocksTestExecutionListener@7a791b66, org.springframework.boot.test.autoconfigure.restdocs.RestDocsTestExecutionListener@6f2cb653, org.springframework.boot.test.autoconfigure.web.client.MockRestServiceServerResetTestExecutionListener@14c01636, org.springframework.boot.test.autoconfigure.web.servlet.MockMvcPrintOnlyOnFailureTestExecutionListener@590c73d3, org.springframework.boot.test.autoconfigure.web.servlet.WebDriverTestExecutionListener@6b9ce1bf, org.springframework.boot.test.autoconfigure.webservices.client.MockWebServiceServerTestExecutionListener@61884cb1]
20:48:42.652 [main] DEBUG org.springframework.test.context.support.AbstractDirtiesContextTestExecutionListener - Before test class: context [DefaultTestContext@13e3c1c7 testClass = WangbaManagerServerApplicationTests, testInstance = [null], testMethod = [null], testException = [null], mergedContextConfiguration = [WebMergedContextConfiguration@5316e95f testClass = WangbaManagerServerApplicationTests, locations = '{}', classes = '{class com.example.wangbamanagerserver.WangbaManagerServerApplication}', contextInitializerClasses = '[]', activeProfiles = '{}', propertySourceLocations = '{}', propertySourceProperties = '{org.springframework.boot.test.context.SpringBootTestContextBootstrapper=true}', contextCustomizers = set[org.springframework.boot.test.context.filter.ExcludeFilterContextCustomizer@75d2da2d, org.springframework.boot.test.json.DuplicateJsonObjectContextCustomizerFactory$DuplicateJsonObjectContextCustomizer@3370f42, org.springframework.boot.test.mock.mockito.MockitoContextCustomizer@0, org.springframework.boot.test.web.client.TestRestTemplateContextCustomizer@60b4beb4, org.springframework.boot.test.autoconfigure.actuate.metrics.MetricsExportContextCustomizerFactory$DisableMetricExportContextCustomizer@488d1cd7, org.springframework.boot.test.autoconfigure.properties.PropertyMappingContextCustomizer@0, org.springframework.boot.test.autoconfigure.web.servlet.WebDriverContextCustomizerFactory$Customizer@14bee915, org.springframework.boot.test.context.SpringBootTestArgs@1, org.springframework.boot.test.context.SpringBootTestWebEnvironment@48f2bd5b], resourceBasePath = 'src/main/webapp', contextLoader = 'org.springframework.boot.test.context.SpringBootContextLoader', parent = [null]], attributes = map['org.springframework.test.context.web.ServletTestExecutionListener.activateListener' -> true]], class annotated with @DirtiesContext [false] with mode [null].

  .   ____          _            __ _ _
 /\\ / ___'_ __ _ _(_)_ __  __ _ \ \ \ \
( ( )\___ | '_ | '_| | '_ \/ _` | \ \ \ \
 \\/  ___)| |_)| | | | | || (_| |  ) ) ) )
  '  |____| .__|_| |_|_| |_\__, | / / / /
 =========|_|==============|___/=/_/_/_/
 :: Spring Boot ::               (v2.6.13)

2025-11-29 20:48:42.973  INFO 10080 --- [           main] .e.w.WangbaManagerServerApplicationTests : Starting WangbaManagerServerApplicationTests using Java 11 on xiang with PID 10080 (started by bdxiang in D:\zm\毕业设计\wangba-manager-server)
2025-11-29 20:48:42.976  INFO 10080 --- [           main] .e.w.WangbaManagerServerApplicationTests : No active profile set, falling back to 1 default profile: "default"
Logging initialized using 'class org.apache.ibatis.logging.stdout.StdOutImpl' adapter.
Property 'mapperLocations' was not specified.
 _ _   |_  _ _|_. ___ _ |    _ 
| | |\/|_)(_| | |_\  |_)||_|_\ 
     /               |         
                        3.5.3.1 
2025-11-29 20:48:45.807  INFO 10080 --- [           main] .e.w.WangbaManagerServerApplicationTests : Started WangbaManagerServerApplicationTests in 3.124 seconds (JVM running for 3.75)
]]></system-out>
  </testcase>
</testsuite>